<?xml version="1.0" encoding="UTF-8"?>
<!-- Generated by org.testng.reporters.JUnitReportReporter -->
<testsuite hostname="PPP-PC" name="testother" tests="2" failures="0" timestamp="12 May 2014 02:06:06 GMT" time="0.003" errors="0">
  <testcase name="testMethod2" time="0.001" classname="testother"/>
  <testcase name="testMethod1" time="0.002" classname="testother"/>
</testsuite> <!-- testother -->
