<?xml version="1.0" encoding="UTF-8"?>
<!-- Generated by org.testng.reporters.JUnitReportReporter -->
<testsuite hostname="PPP-PC" name="login" tests="1" failures="0" timestamp="15 Nov 2014 07:53:29 GMT" time="28.447" errors="0">
  <testcase name="userlogin" time="28.447" classname="login"/>
</testsuite> <!-- login -->
