<?xml version="1.0" encoding="UTF-8"?>
<!-- Generated by org.testng.reporters.JUnitReportReporter -->
<testsuite hostname="PPP-PC" name="register" tests="1" failures="0" timestamp="14 May 2014 03:27:36 GMT" time="2.301" errors="0">
  <testcase name="reg" time="2.301" classname="register"/>
</testsuite> <!-- register -->
